<?xml version="1.0" encoding="UTF-8"?>
<!-- Generated by org.testng.reporters.JUnitXMLReporter -->
<testsuite ignored="0" hostname="ARKLaptopel" failures="1" tests="3" name="Functions" time="12.789" errors="0" timestamp="2024-09-21T09:41:23 GMT-07:00">
  <testcase classname="Pro.Training.Tech.STUDENTS.PageObjectModel" name="f" time="0.006">
    <failure type="java.lang.Error" message="Unresolved compilation problems: 
	Syntax error, insert &amp;quot;VariableDeclarators&amp;quot; to complete LocalVariableDeclaration
	Syntax error, insert &amp;quot;;&amp;quot; to complete LocalVariableDeclarationStatement
	void is an invalid type for the variable $missing$
	The method Second() is undefined for the type PageObjectModel
">
      <![CDATA[java.lang.Error: Unresolved compilation problems: 
Syntax error, insert "VariableDeclarators" to complete LocalVariableDeclaration
Syntax error, insert ";" to complete LocalVariableDeclarationStatement
void is an invalid type for the variable $missing$
The method Second() is undefined for the type PageObjectModel

at Pro.Training.Tech.STUDENTS.PageObjectModel.f(PageObjectModel.java:56)
at java.base/java.util.ArrayList.forEach(ArrayList.java:1597)
... Removed 25 stack frames]]>
    </failure>
  </testcase> <!-- f -->
  <testcase classname="Pro.Training.Tech.STUDENTS.Selenium" name="f" time="0.001"/>
  <testcase classname="Pro.Training.Tech.STUDENTS.Searches" name="f" time="0.001"/>
</testsuite> <!-- Functions -->
