<?xml version="1.0" encoding="UTF-8"?>
<testng-results ignored="0" total="9" passed="6" failed="3" skipped="0">
  <reporter-output>
  </reporter-output>
  <suite started-at="2024-09-21T09:41:10 GMT-07:00" name="adhok" finished-at="2024-09-21T09:41:57 GMT-07:00" duration-ms="46347">
    <groups>
    </groups>
    <test started-at="2024-09-21T09:41:10 GMT-07:00" name="Functions" finished-at="2024-09-21T09:41:23 GMT-07:00" duration-ms="12789">
      <class name="Pro.Training.Tech.STUDENTS.PageObjectModel">
        <test-method is-config="true" signature="beforeMethod()[pri:0, instance:Pro.Training.Tech.STUDENTS.PageObjectModel@49049a04]" started-at="2024-09-21T09:41:11 GMT-07:00" name="beforeMethod" finished-at="2024-09-21T09:41:23 GMT-07:00" duration-ms="12732" status="PASS">
          <reporter-output>
          </reporter-output>
        </test-method> <!-- beforeMethod -->
        <test-method signature="f()[pri:0, instance:Pro.Training.Tech.STUDENTS.PageObjectModel@49049a04]" started-at="2024-09-21T09:41:23 GMT-07:00" name="f" finished-at="2024-09-21T09:41:23 GMT-07:00" duration-ms="6" status="FAIL">
          <exception class="java.lang.Error">
            <message>
              <![CDATA[Unresolved compilation problems: 
Syntax error, insert "VariableDeclarators" to complete LocalVariableDeclaration
Syntax error, insert ";" to complete LocalVariableDeclarationStatement
void is an invalid type for the variable $missing$
The method Second() is undefined for the type PageObjectModel
]]>
            </message>
            <full-stacktrace>
              <![CDATA[java.lang.Error: Unresolved compilation problems: 
Syntax error, insert "VariableDeclarators" to complete LocalVariableDeclaration
Syntax error, insert ";" to complete LocalVariableDeclarationStatement
void is an invalid type for the variable $missing$
The method Second() is undefined for the type PageObjectModel

at Pro.Training.Tech.STUDENTS.PageObjectModel.f(PageObjectModel.java:56)
at java.base/jdk.internal.reflect.DirectMethodHandleAccessor.invoke(DirectMethodHandleAccessor.java:103)
at java.base/java.lang.reflect.Method.invoke(Method.java:580)
at org.testng.internal.MethodInvocationHelper.invokeMethod(MethodInvocationHelper.java:133)
at org.testng.internal.TestInvoker.invokeMethod(TestInvoker.java:598)
at org.testng.internal.TestInvoker.invokeTestMethod(TestInvoker.java:173)
at org.testng.internal.MethodRunner.runInSequence(MethodRunner.java:46)
at org.testng.internal.TestInvoker$MethodInvocationAgent.invoke(TestInvoker.java:824)
at org.testng.internal.TestInvoker.invokeTestMethods(TestInvoker.java:146)
at org.testng.internal.TestMethodWorker.invokeTestMethods(TestMethodWorker.java:146)
at org.testng.internal.TestMethodWorker.run(TestMethodWorker.java:128)
at java.base/java.util.ArrayList.forEach(ArrayList.java:1597)
at org.testng.TestRunner.privateRun(TestRunner.java:794)
at org.testng.TestRunner.run(TestRunner.java:596)
at org.testng.SuiteRunner.runTest(SuiteRunner.java:377)
at org.testng.SuiteRunner.runSequentially(SuiteRunner.java:371)
at org.testng.SuiteRunner.privateRun(SuiteRunner.java:332)
at org.testng.SuiteRunner.run(SuiteRunner.java:276)
at org.testng.SuiteRunnerWorker.runSuite(SuiteRunnerWorker.java:53)
at org.testng.SuiteRunnerWorker.run(SuiteRunnerWorker.java:96)
at org.testng.TestNG.runSuitesSequentially(TestNG.java:1212)
at org.testng.TestNG.runSuitesLocally(TestNG.java:1134)
at org.testng.TestNG.runSuites(TestNG.java:1063)
at org.testng.TestNG.run(TestNG.java:1031)
at org.testng.remote.AbstractRemoteTestNG.run(AbstractRemoteTestNG.java:115)
at org.testng.remote.RemoteTestNG.initAndRun(RemoteTestNG.java:293)
at org.testng.remote.RemoteTestNG.main(RemoteTestNG.java:91)
]]>
            </full-stacktrace>
          </exception> <!-- java.lang.Error -->
          <reporter-output>
          </reporter-output>
        </test-method> <!-- f -->
        <test-method is-config="true" signature="afterMethod()[pri:0, instance:Pro.Training.Tech.STUDENTS.PageObjectModel@49049a04]" started-at="2024-09-21T09:41:23 GMT-07:00" name="afterMethod" finished-at="2024-09-21T09:41:23 GMT-07:00" duration-ms="1" status="PASS">
          <reporter-output>
          </reporter-output>
        </test-method> <!-- afterMethod -->
      </class> <!-- Pro.Training.Tech.STUDENTS.PageObjectModel -->
      <class name="Pro.Training.Tech.STUDENTS.Searches">
        <test-method is-config="true" signature="beforeMethod()[pri:0, instance:Pro.Training.Tech.STUDENTS.Searches@e350b40]" started-at="2024-09-21T09:41:23 GMT-07:00" name="beforeMethod" finished-at="2024-09-21T09:41:23 GMT-07:00" duration-ms="1" status="PASS">
          <reporter-output>
          </reporter-output>
        </test-method> <!-- beforeMethod -->
        <test-method signature="f()[pri:0, instance:Pro.Training.Tech.STUDENTS.Searches@e350b40]" started-at="2024-09-21T09:41:23 GMT-07:00" name="f" finished-at="2024-09-21T09:41:23 GMT-07:00" duration-ms="1" status="PASS">
          <reporter-output>
          </reporter-output>
        </test-method> <!-- f -->
        <test-method is-config="true" signature="afterMethod()[pri:0, instance:Pro.Training.Tech.STUDENTS.Searches@e350b40]" started-at="2024-09-21T09:41:23 GMT-07:00" name="afterMethod" finished-at="2024-09-21T09:41:23 GMT-07:00" duration-ms="1" status="PASS">
          <reporter-output>
          </reporter-output>
        </test-method> <!-- afterMethod -->
      </class> <!-- Pro.Training.Tech.STUDENTS.Searches -->
      <class name="Pro.Training.Tech.STUDENTS.Selenium">
        <test-method is-config="true" signature="beforeTest()[pri:0, instance:Pro.Training.Tech.STUDENTS.Selenium@f09733f]" started-at="2024-09-21T09:41:10 GMT-07:00" name="beforeTest" finished-at="2024-09-21T09:41:10 GMT-07:00" duration-ms="0" status="PASS">
          <reporter-output>
          </reporter-output>
        </test-method> <!-- beforeTest -->
        <test-method is-config="true" signature="beforeClass()[pri:0, instance:Pro.Training.Tech.STUDENTS.Selenium@f09733f]" started-at="2024-09-21T09:41:23 GMT-07:00" name="beforeClass" finished-at="2024-09-21T09:41:23 GMT-07:00" duration-ms="0" status="PASS">
          <reporter-output>
          </reporter-output>
        </test-method> <!-- beforeClass -->
        <test-method is-config="true" signature="beforeMethod()[pri:0, instance:Pro.Training.Tech.STUDENTS.Selenium@f09733f]" started-at="2024-09-21T09:41:23 GMT-07:00" name="beforeMethod" finished-at="2024-09-21T09:41:23 GMT-07:00" duration-ms="0" status="PASS">
          <reporter-output>
          </reporter-output>
        </test-method> <!-- beforeMethod -->
        <test-method signature="f()[pri:0, instance:Pro.Training.Tech.STUDENTS.Selenium@f09733f]" started-at="2024-09-21T09:41:23 GMT-07:00" name="f" finished-at="2024-09-21T09:41:23 GMT-07:00" duration-ms="1" status="PASS">
          <reporter-output>
          </reporter-output>
        </test-method> <!-- f -->
        <test-method is-config="true" signature="afterMethod()[pri:0, instance:Pro.Training.Tech.STUDENTS.Selenium@f09733f]" started-at="2024-09-21T09:41:23 GMT-07:00" name="afterMethod" finished-at="2024-09-21T09:41:23 GMT-07:00" duration-ms="1" status="PASS">
          <reporter-output>
          </reporter-output>
        </test-method> <!-- afterMethod -->
        <test-method is-config="true" signature="afterClass()[pri:0, instance:Pro.Training.Tech.STUDENTS.Selenium@f09733f]" started-at="2024-09-21T09:41:23 GMT-07:00" name="afterClass" finished-at="2024-09-21T09:41:23 GMT-07:00" duration-ms="0" status="PASS">
          <reporter-output>
          </reporter-output>
        </test-method> <!-- afterClass -->
        <test-method is-config="true" signature="afterTest()[pri:0, instance:Pro.Training.Tech.STUDENTS.Selenium@f09733f]" started-at="2024-09-21T09:41:23 GMT-07:00" name="afterTest" finished-at="2024-09-21T09:41:23 GMT-07:00" duration-ms="1" status="PASS">
          <reporter-output>
          </reporter-output>
        </test-method> <!-- afterTest -->
      </class> <!-- Pro.Training.Tech.STUDENTS.Selenium -->
    </test> <!-- Functions -->
    <test started-at="2024-09-21T09:41:23 GMT-07:00" name="functionsbrowsers" finished-at="2024-09-21T09:41:35 GMT-07:00" duration-ms="11206">
      <class name="Pro.Training.Tech.STUDENTS.PageObjectModel">
        <test-method is-config="true" signature="beforeMethod()[pri:0, instance:Pro.Training.Tech.STUDENTS.PageObjectModel@74ea2410]" started-at="2024-09-21T09:41:23 GMT-07:00" name="beforeMethod" finished-at="2024-09-21T09:41:35 GMT-07:00" duration-ms="11190" status="PASS">
          <reporter-output>
          </reporter-output>
        </test-method> <!-- beforeMethod -->
        <test-method signature="f()[pri:0, instance:Pro.Training.Tech.STUDENTS.PageObjectModel@74ea2410]" started-at="2024-09-21T09:41:35 GMT-07:00" name="f" finished-at="2024-09-21T09:41:35 GMT-07:00" duration-ms="0" status="FAIL">
          <exception class="java.lang.Error">
            <message>
              <![CDATA[Unresolved compilation problems: 
Syntax error, insert "VariableDeclarators" to complete LocalVariableDeclaration
Syntax error, insert ";" to complete LocalVariableDeclarationStatement
void is an invalid type for the variable $missing$
The method Second() is undefined for the type PageObjectModel
]]>
            </message>
            <full-stacktrace>
              <![CDATA[java.lang.Error: Unresolved compilation problems: 
Syntax error, insert "VariableDeclarators" to complete LocalVariableDeclaration
Syntax error, insert ";" to complete LocalVariableDeclarationStatement
void is an invalid type for the variable $missing$
The method Second() is undefined for the type PageObjectModel

at Pro.Training.Tech.STUDENTS.PageObjectModel.f(PageObjectModel.java:56)
at java.base/jdk.internal.reflect.DirectMethodHandleAccessor.invoke(DirectMethodHandleAccessor.java:103)
at java.base/java.lang.reflect.Method.invoke(Method.java:580)
at org.testng.internal.MethodInvocationHelper.invokeMethod(MethodInvocationHelper.java:133)
at org.testng.internal.TestInvoker.invokeMethod(TestInvoker.java:598)
at org.testng.internal.TestInvoker.invokeTestMethod(TestInvoker.java:173)
at org.testng.internal.MethodRunner.runInSequence(MethodRunner.java:46)
at org.testng.internal.TestInvoker$MethodInvocationAgent.invoke(TestInvoker.java:824)
at org.testng.internal.TestInvoker.invokeTestMethods(TestInvoker.java:146)
at org.testng.internal.TestMethodWorker.invokeTestMethods(TestMethodWorker.java:146)
at org.testng.internal.TestMethodWorker.run(TestMethodWorker.java:128)
at java.base/java.util.ArrayList.forEach(ArrayList.java:1597)
at org.testng.TestRunner.privateRun(TestRunner.java:794)
at org.testng.TestRunner.run(TestRunner.java:596)
at org.testng.SuiteRunner.runTest(SuiteRunner.java:377)
at org.testng.SuiteRunner.runSequentially(SuiteRunner.java:371)
at org.testng.SuiteRunner.privateRun(SuiteRunner.java:332)
at org.testng.SuiteRunner.run(SuiteRunner.java:276)
at org.testng.SuiteRunnerWorker.runSuite(SuiteRunnerWorker.java:53)
at org.testng.SuiteRunnerWorker.run(SuiteRunnerWorker.java:96)
at org.testng.TestNG.runSuitesSequentially(TestNG.java:1212)
at org.testng.TestNG.runSuitesLocally(TestNG.java:1134)
at org.testng.TestNG.runSuites(TestNG.java:1063)
at org.testng.TestNG.run(TestNG.java:1031)
at org.testng.remote.AbstractRemoteTestNG.run(AbstractRemoteTestNG.java:115)
at org.testng.remote.RemoteTestNG.initAndRun(RemoteTestNG.java:293)
at org.testng.remote.RemoteTestNG.main(RemoteTestNG.java:91)
]]>
            </full-stacktrace>
          </exception> <!-- java.lang.Error -->
          <reporter-output>
          </reporter-output>
        </test-method> <!-- f -->
        <test-method is-config="true" signature="afterMethod()[pri:0, instance:Pro.Training.Tech.STUDENTS.PageObjectModel@74ea2410]" started-at="2024-09-21T09:41:35 GMT-07:00" name="afterMethod" finished-at="2024-09-21T09:41:35 GMT-07:00" duration-ms="1" status="PASS">
          <reporter-output>
          </reporter-output>
        </test-method> <!-- afterMethod -->
      </class> <!-- Pro.Training.Tech.STUDENTS.PageObjectModel -->
      <class name="Pro.Training.Tech.STUDENTS.Searches">
        <test-method is-config="true" signature="beforeMethod()[pri:0, instance:Pro.Training.Tech.STUDENTS.Searches@76b1e9b8]" started-at="2024-09-21T09:41:35 GMT-07:00" name="beforeMethod" finished-at="2024-09-21T09:41:35 GMT-07:00" duration-ms="0" status="PASS">
          <reporter-output>
          </reporter-output>
        </test-method> <!-- beforeMethod -->
        <test-method signature="f()[pri:0, instance:Pro.Training.Tech.STUDENTS.Searches@76b1e9b8]" started-at="2024-09-21T09:41:35 GMT-07:00" name="f" finished-at="2024-09-21T09:41:35 GMT-07:00" duration-ms="1" status="PASS">
          <reporter-output>
          </reporter-output>
        </test-method> <!-- f -->
        <test-method is-config="true" signature="afterMethod()[pri:0, instance:Pro.Training.Tech.STUDENTS.Searches@76b1e9b8]" started-at="2024-09-21T09:41:35 GMT-07:00" name="afterMethod" finished-at="2024-09-21T09:41:35 GMT-07:00" duration-ms="1" status="PASS">
          <reporter-output>
          </reporter-output>
        </test-method> <!-- afterMethod -->
      </class> <!-- Pro.Training.Tech.STUDENTS.Searches -->
      <class name="Pro.Training.Tech.STUDENTS.Selenium">
        <test-method is-config="true" signature="beforeTest()[pri:0, instance:Pro.Training.Tech.STUDENTS.Selenium@17f62e33]" started-at="2024-09-21T09:41:23 GMT-07:00" name="beforeTest" finished-at="2024-09-21T09:41:23 GMT-07:00" duration-ms="1" status="PASS">
          <reporter-output>
          </reporter-output>
        </test-method> <!-- beforeTest -->
        <test-method is-config="true" signature="beforeMethod()[pri:0, instance:Pro.Training.Tech.STUDENTS.Selenium@17f62e33]" started-at="2024-09-21T09:41:35 GMT-07:00" name="beforeMethod" finished-at="2024-09-21T09:41:35 GMT-07:00" duration-ms="0" status="PASS">
          <reporter-output>
          </reporter-output>
        </test-method> <!-- beforeMethod -->
        <test-method is-config="true" signature="beforeClass()[pri:0, instance:Pro.Training.Tech.STUDENTS.Selenium@17f62e33]" started-at="2024-09-21T09:41:35 GMT-07:00" name="beforeClass" finished-at="2024-09-21T09:41:35 GMT-07:00" duration-ms="0" status="PASS">
          <reporter-output>
          </reporter-output>
        </test-method> <!-- beforeClass -->
        <test-method signature="f()[pri:0, instance:Pro.Training.Tech.STUDENTS.Selenium@17f62e33]" started-at="2024-09-21T09:41:35 GMT-07:00" name="f" finished-at="2024-09-21T09:41:35 GMT-07:00" duration-ms="1" status="PASS">
          <reporter-output>
          </reporter-output>
        </test-method> <!-- f -->
        <test-method is-config="true" signature="afterMethod()[pri:0, instance:Pro.Training.Tech.STUDENTS.Selenium@17f62e33]" started-at="2024-09-21T09:41:35 GMT-07:00" name="afterMethod" finished-at="2024-09-21T09:41:35 GMT-07:00" duration-ms="1" status="PASS">
          <reporter-output>
          </reporter-output>
        </test-method> <!-- afterMethod -->
        <test-method is-config="true" signature="afterClass()[pri:0, instance:Pro.Training.Tech.STUDENTS.Selenium@17f62e33]" started-at="2024-09-21T09:41:35 GMT-07:00" name="afterClass" finished-at="2024-09-21T09:41:35 GMT-07:00" duration-ms="1" status="PASS">
          <reporter-output>
          </reporter-output>
        </test-method> <!-- afterClass -->
        <test-method is-config="true" signature="afterTest()[pri:0, instance:Pro.Training.Tech.STUDENTS.Selenium@17f62e33]" started-at="2024-09-21T09:41:35 GMT-07:00" name="afterTest" finished-at="2024-09-21T09:41:35 GMT-07:00" duration-ms="0" status="PASS">
          <reporter-output>
          </reporter-output>
        </test-method> <!-- afterTest -->
      </class> <!-- Pro.Training.Tech.STUDENTS.Selenium -->
    </test> <!-- functionsbrowsers -->
    <test started-at="2024-09-21T09:41:35 GMT-07:00" name="functionsbrowseee" finished-at="2024-09-21T09:41:57 GMT-07:00" duration-ms="22274">
      <class name="Pro.Training.Tech.STUDENTS.PageObjectModel">
        <test-method is-config="true" signature="beforeMethod()[pri:0, instance:Pro.Training.Tech.STUDENTS.PageObjectModel@793f29ff]" started-at="2024-09-21T09:41:35 GMT-07:00" name="beforeMethod" finished-at="2024-09-21T09:41:57 GMT-07:00" duration-ms="22265" status="PASS">
          <reporter-output>
          </reporter-output>
        </test-method> <!-- beforeMethod -->
        <test-method signature="f()[pri:0, instance:Pro.Training.Tech.STUDENTS.PageObjectModel@793f29ff]" started-at="2024-09-21T09:41:57 GMT-07:00" name="f" finished-at="2024-09-21T09:41:57 GMT-07:00" duration-ms="1" status="FAIL">
          <exception class="java.lang.Error">
            <message>
              <![CDATA[Unresolved compilation problems: 
Syntax error, insert "VariableDeclarators" to complete LocalVariableDeclaration
Syntax error, insert ";" to complete LocalVariableDeclarationStatement
void is an invalid type for the variable $missing$
The method Second() is undefined for the type PageObjectModel
]]>
            </message>
            <full-stacktrace>
              <![CDATA[java.lang.Error: Unresolved compilation problems: 
Syntax error, insert "VariableDeclarators" to complete LocalVariableDeclaration
Syntax error, insert ";" to complete LocalVariableDeclarationStatement
void is an invalid type for the variable $missing$
The method Second() is undefined for the type PageObjectModel

at Pro.Training.Tech.STUDENTS.PageObjectModel.f(PageObjectModel.java:56)
at java.base/jdk.internal.reflect.DirectMethodHandleAccessor.invoke(DirectMethodHandleAccessor.java:103)
at java.base/java.lang.reflect.Method.invoke(Method.java:580)
at org.testng.internal.MethodInvocationHelper.invokeMethod(MethodInvocationHelper.java:133)
at org.testng.internal.TestInvoker.invokeMethod(TestInvoker.java:598)
at org.testng.internal.TestInvoker.invokeTestMethod(TestInvoker.java:173)
at org.testng.internal.MethodRunner.runInSequence(MethodRunner.java:46)
at org.testng.internal.TestInvoker$MethodInvocationAgent.invoke(TestInvoker.java:824)
at org.testng.internal.TestInvoker.invokeTestMethods(TestInvoker.java:146)
at org.testng.internal.TestMethodWorker.invokeTestMethods(TestMethodWorker.java:146)
at org.testng.internal.TestMethodWorker.run(TestMethodWorker.java:128)
at java.base/java.util.ArrayList.forEach(ArrayList.java:1597)
at org.testng.TestRunner.privateRun(TestRunner.java:794)
at org.testng.TestRunner.run(TestRunner.java:596)
at org.testng.SuiteRunner.runTest(SuiteRunner.java:377)
at org.testng.SuiteRunner.runSequentially(SuiteRunner.java:371)
at org.testng.SuiteRunner.privateRun(SuiteRunner.java:332)
at org.testng.SuiteRunner.run(SuiteRunner.java:276)
at org.testng.SuiteRunnerWorker.runSuite(SuiteRunnerWorker.java:53)
at org.testng.SuiteRunnerWorker.run(SuiteRunnerWorker.java:96)
at org.testng.TestNG.runSuitesSequentially(TestNG.java:1212)
at org.testng.TestNG.runSuitesLocally(TestNG.java:1134)
at org.testng.TestNG.runSuites(TestNG.java:1063)
at org.testng.TestNG.run(TestNG.java:1031)
at org.testng.remote.AbstractRemoteTestNG.run(AbstractRemoteTestNG.java:115)
at org.testng.remote.RemoteTestNG.initAndRun(RemoteTestNG.java:293)
at org.testng.remote.RemoteTestNG.main(RemoteTestNG.java:91)
]]>
            </full-stacktrace>
          </exception> <!-- java.lang.Error -->
          <reporter-output>
          </reporter-output>
        </test-method> <!-- f -->
        <test-method is-config="true" signature="afterMethod()[pri:0, instance:Pro.Training.Tech.STUDENTS.PageObjectModel@793f29ff]" started-at="2024-09-21T09:41:57 GMT-07:00" name="afterMethod" finished-at="2024-09-21T09:41:57 GMT-07:00" duration-ms="0" status="PASS">
          <reporter-output>
          </reporter-output>
        </test-method> <!-- afterMethod -->
      </class> <!-- Pro.Training.Tech.STUDENTS.PageObjectModel -->
      <class name="Pro.Training.Tech.STUDENTS.Searches">
        <test-method is-config="true" signature="beforeMethod()[pri:0, instance:Pro.Training.Tech.STUDENTS.Searches@563f38c4]" started-at="2024-09-21T09:41:57 GMT-07:00" name="beforeMethod" finished-at="2024-09-21T09:41:57 GMT-07:00" duration-ms="0" status="PASS">
          <reporter-output>
          </reporter-output>
        </test-method> <!-- beforeMethod -->
        <test-method signature="f()[pri:0, instance:Pro.Training.Tech.STUDENTS.Searches@563f38c4]" started-at="2024-09-21T09:41:57 GMT-07:00" name="f" finished-at="2024-09-21T09:41:57 GMT-07:00" duration-ms="1" status="PASS">
          <reporter-output>
          </reporter-output>
        </test-method> <!-- f -->
        <test-method is-config="true" signature="afterMethod()[pri:0, instance:Pro.Training.Tech.STUDENTS.Searches@563f38c4]" started-at="2024-09-21T09:41:57 GMT-07:00" name="afterMethod" finished-at="2024-09-21T09:41:57 GMT-07:00" duration-ms="0" status="PASS">
          <reporter-output>
          </reporter-output>
        </test-method> <!-- afterMethod -->
      </class> <!-- Pro.Training.Tech.STUDENTS.Searches -->
      <class name="Pro.Training.Tech.STUDENTS.Selenium">
        <test-method is-config="true" signature="beforeSuite()[pri:0, instance:Pro.Training.Tech.STUDENTS.Selenium@3e8c3cb]" started-at="2024-09-21T09:41:10 GMT-07:00" name="beforeSuite" finished-at="2024-09-21T09:41:10 GMT-07:00" duration-ms="10" status="PASS">
          <reporter-output>
          </reporter-output>
        </test-method> <!-- beforeSuite -->
        <test-method is-config="true" signature="beforeTest()[pri:0, instance:Pro.Training.Tech.STUDENTS.Selenium@3e8c3cb]" started-at="2024-09-21T09:41:35 GMT-07:00" name="beforeTest" finished-at="2024-09-21T09:41:35 GMT-07:00" duration-ms="0" status="PASS">
          <reporter-output>
          </reporter-output>
        </test-method> <!-- beforeTest -->
        <test-method is-config="true" signature="beforeClass()[pri:0, instance:Pro.Training.Tech.STUDENTS.Selenium@3e8c3cb]" started-at="2024-09-21T09:41:57 GMT-07:00" name="beforeClass" finished-at="2024-09-21T09:41:57 GMT-07:00" duration-ms="0" status="PASS">
          <reporter-output>
          </reporter-output>
        </test-method> <!-- beforeClass -->
        <test-method is-config="true" signature="beforeMethod()[pri:0, instance:Pro.Training.Tech.STUDENTS.Selenium@3e8c3cb]" started-at="2024-09-21T09:41:57 GMT-07:00" name="beforeMethod" finished-at="2024-09-21T09:41:57 GMT-07:00" duration-ms="0" status="PASS">
          <reporter-output>
          </reporter-output>
        </test-method> <!-- beforeMethod -->
        <test-method signature="f()[pri:0, instance:Pro.Training.Tech.STUDENTS.Selenium@3e8c3cb]" started-at="2024-09-21T09:41:57 GMT-07:00" name="f" finished-at="2024-09-21T09:41:57 GMT-07:00" duration-ms="0" status="PASS">
          <reporter-output>
          </reporter-output>
        </test-method> <!-- f -->
        <test-method is-config="true" signature="afterMethod()[pri:0, instance:Pro.Training.Tech.STUDENTS.Selenium@3e8c3cb]" started-at="2024-09-21T09:41:57 GMT-07:00" name="afterMethod" finished-at="2024-09-21T09:41:57 GMT-07:00" duration-ms="0" status="PASS">
          <reporter-output>
          </reporter-output>
        </test-method> <!-- afterMethod -->
        <test-method is-config="true" signature="afterClass()[pri:0, instance:Pro.Training.Tech.STUDENTS.Selenium@3e8c3cb]" started-at="2024-09-21T09:41:57 GMT-07:00" name="afterClass" finished-at="2024-09-21T09:41:57 GMT-07:00" duration-ms="0" status="PASS">
          <reporter-output>
          </reporter-output>
        </test-method> <!-- afterClass -->
        <test-method is-config="true" signature="afterTest()[pri:0, instance:Pro.Training.Tech.STUDENTS.Selenium@3e8c3cb]" started-at="2024-09-21T09:41:57 GMT-07:00" name="afterTest" finished-at="2024-09-21T09:41:57 GMT-07:00" duration-ms="0" status="PASS">
          <reporter-output>
          </reporter-output>
        </test-method> <!-- afterTest -->
        <test-method is-config="true" signature="afterSuite()[pri:0, instance:Pro.Training.Tech.STUDENTS.Selenium@3e8c3cb]" started-at="2024-09-21T09:41:57 GMT-07:00" name="afterSuite" finished-at="2024-09-21T09:41:57 GMT-07:00" duration-ms="0" status="PASS">
          <reporter-output>
          </reporter-output>
        </test-method> <!-- afterSuite -->
      </class> <!-- Pro.Training.Tech.STUDENTS.Selenium -->
    </test> <!-- functionsbrowseee -->
  </suite> <!-- adhok -->
</testng-results>
